<?xml version="1.0" encoding="UTF-8"?>
<testsuite xmlns:xsi="http://www.w3.org/2001/XMLSchema-instance" xsi:noNamespaceSchemaLocation="https://maven.apache.org/surefire/maven-surefire-plugin/xsd/surefire-test-report-3.0.xsd" version="3.0" name="com.kata.auction.AuctionServiceTest" time="0.069" tests="9" errors="0" skipped="0" failures="0">
  <properties>
    <property name="sun.desktop" value="windows"/>
    <property name="awt.toolkit" value="sun.awt.windows.WToolkit"/>
    <property name="java.specification.version" value="11"/>
    <property name="sun.cpu.isalist" value="amd64"/>
    <property name="sun.jnu.encoding" value="Cp1252"/>
    <property name="java.class.path" value="C:\Users\ehmme\Documents\workspace-spring-tool-suite-4-4.16.1.RELEASE\KataAuction\target\test-classes;C:\Users\ehmme\Documents\workspace-spring-tool-suite-4-4.16.1.RELEASE\KataAuction\target\classes;C:\Users\ehmme\.m2\repository\org\junit\jupiter\junit-jupiter-api\5.9.0\junit-jupiter-api-5.9.0.jar;C:\Users\ehmme\.m2\repository\org\opentest4j\opentest4j\1.2.0\opentest4j-1.2.0.jar;C:\Users\ehmme\.m2\repository\org\junit\platform\junit-platform-commons\1.9.0\junit-platform-commons-1.9.0.jar;C:\Users\ehmme\.m2\repository\org\apiguardian\apiguardian-api\1.1.2\apiguardian-api-1.1.2.jar;"/>
    <property name="java.vm.vendor" value="Oracle Corporation"/>
    <property name="sun.arch.data.model" value="64"/>
    <property name="user.variant" value=""/>
    <property name="java.vendor.url" value="https://openjdk.java.net/"/>
    <property name="user.timezone" value="Europe/Paris"/>
    <property name="java.vm.specification.version" value="11"/>
    <property name="os.name" value="Windows 11"/>
    <property name="sun.java.launcher" value="SUN_STANDARD"/>
    <property name="user.country" value="FR"/>
    <property name="sun.boot.library.path" value="C:\Program Files\Java\jdk-11.0.16.1\bin"/>
    <property name="sun.java.command" value="C:\Users\ehmme\AppData\Local\Temp\surefire17518085969760372498\surefirebooter16174301584770993232.jar C:\Users\ehmme\AppData\Local\Temp\surefire17518085969760372498 2023-08-02T03-10-29_096-jvmRun1 surefire2723181088579748813tmp surefire_015515761489973615201tmp"/>
    <property name="jdk.debug" value="release"/>
    <property name="surefire.test.class.path" value="C:\Users\ehmme\Documents\workspace-spring-tool-suite-4-4.16.1.RELEASE\KataAuction\target\test-classes;C:\Users\ehmme\Documents\workspace-spring-tool-suite-4-4.16.1.RELEASE\KataAuction\target\classes;C:\Users\ehmme\.m2\repository\org\junit\jupiter\junit-jupiter-api\5.9.0\junit-jupiter-api-5.9.0.jar;C:\Users\ehmme\.m2\repository\org\opentest4j\opentest4j\1.2.0\opentest4j-1.2.0.jar;C:\Users\ehmme\.m2\repository\org\junit\platform\junit-platform-commons\1.9.0\junit-platform-commons-1.9.0.jar;C:\Users\ehmme\.m2\repository\org\apiguardian\apiguardian-api\1.1.2\apiguardian-api-1.1.2.jar;"/>
    <property name="sun.cpu.endian" value="little"/>
    <property name="user.home" value="C:\Users\ehmme"/>
    <property name="user.language" value="fr"/>
    <property name="java.specification.vendor" value="Oracle Corporation"/>
    <property name="java.version.date" value="2022-08-18"/>
    <property name="java.home" value="C:\Program Files\Java\jdk-11.0.16.1"/>
    <property name="file.separator" value="\"/>
    <property name="basedir" value="C:\Users\ehmme\Documents\workspace-spring-tool-suite-4-4.16.1.RELEASE\KataAuction"/>
    <property name="java.vm.compressedOopsMode" value="32-bit"/>
    <property name="line.separator" value="&#10;"/>
    <property name="java.specification.name" value="Java Platform API Specification"/>
    <property name="java.vm.specification.vendor" value="Oracle Corporation"/>
    <property name="java.awt.graphicsenv" value="sun.awt.Win32GraphicsEnvironment"/>
    <property name="surefire.real.class.path" value="C:\Users\ehmme\AppData\Local\Temp\surefire17518085969760372498\surefirebooter16174301584770993232.jar"/>
    <property name="user.script" value=""/>
    <property name="sun.management.compiler" value="HotSpot 64-Bit Tiered Compilers"/>
    <property name="java.runtime.version" value="11.0.16.1+1-LTS-1"/>
    <property name="user.name" value="ehmme"/>
    <property name="path.separator" value=";"/>
    <property name="os.version" value="10.0"/>
    <property name="java.runtime.name" value="Java(TM) SE Runtime Environment"/>
    <property name="file.encoding" value="Cp1252"/>
    <property name="java.vm.name" value="Java HotSpot(TM) 64-Bit Server VM"/>
    <property name="java.vendor.version" value="18.9"/>
    <property name="localRepository" value="C:\Users\ehmme\.m2\repository"/>
    <property name="java.vendor.url.bug" value="https://bugreport.java.com/bugreport/"/>
    <property name="java.io.tmpdir" value="C:\Users\ehmme\AppData\Local\Temp\"/>
    <property name="java.version" value="11.0.16.1"/>
    <property name="user.dir" value="C:\Users\ehmme\Documents\workspace-spring-tool-suite-4-4.16.1.RELEASE\KataAuction"/>
    <property name="os.arch" value="amd64"/>
    <property name="java.vm.specification.name" value="Java Virtual Machine Specification"/>
    <property name="java.awt.printerjob" value="sun.awt.windows.WPrinterJob"/>
    <property name="java.util.logging.SimpleFormatter.format" value="[%1$tF %1$tT] [%4$-7s] %5$s %n"/>
    <property name="sun.os.patch.level" value=""/>
    <property name="java.library.path" value="C:\Program Files\Java\jdk-11.0.16.1\bin;C:\WINDOWS\Sun\Java\bin;C:\WINDOWS\system32;C:\WINDOWS;C:\Program Files\Common Files\Oracle\Java\javapath;C:\Program Files (x86)\Common Files\Oracle\Java\javapath;C:\WINDOWS\system32;C:\WINDOWS;C:\WINDOWS\System32\Wbem;C:\WINDOWS\System32\WindowsPowerShell\v1.0\;C:\WINDOWS\System32\OpenSSH\;C:\Program Files\Git\cmd;C:\Users\ehmme\AppData\Roaming\nvm;C:\Program Files\nodejs;C:\Program Files\nodejs\;C:\Users\ehmme\Downloads\apache-maven-3.9.1-bin\apache-maven-3.9.1\bin;C:\Users\ehmme\AppData\Local\Programs\Python\Python311\Scripts\;C:\Users\ehmme\AppData\Local\Programs\Python\Python311\;C:\Users\ehmme\AppData\Local\Microsoft\WindowsApps;C:\Program Files\JetBrains\IntelliJ IDEA 2022.3\bin;;C:\Program Files\JetBrains\IntelliJ IDEA Community Edition 2022.3\bin;;C:\Users\ehmme\AppData\Local\Programs\Microsoft VS Code\bin;C:\Users\ehmme\AppData\Roaming\nvm;C:\Program Files\nodejs;C:\Users\ehmme\AppData\Roaming\npm;."/>
    <property name="java.vendor" value="Oracle Corporation"/>
    <property name="java.vm.info" value="mixed mode"/>
    <property name="java.vm.version" value="11.0.16.1+1-LTS-1"/>
    <property name="sun.io.unicode.encoding" value="UnicodeLittle"/>
    <property name="java.class.version" value="55.0"/>
  </properties>
  <testcase name="testTwoBidsFirstOneBelowReserve" classname="com.kata.auction.AuctionServiceTest" time="0.008">
    <system-err><![CDATA[[2023-08-02 03:10:31] [INFO   ] ****************************************************************TEST CASE************************************************************ 
[2023-08-02 03:10:31] [INFO   ] Hugo place a bid of 80.00 on this auction 
[2023-08-02 03:10:31] [WARNING] Hugo bid is under the price , it will not be taken part of the auction 
[2023-08-02 03:10:31] [INFO   ] Alain place a bid of 200.00 on this auction 
[2023-08-02 03:10:31] [INFO   ] Alain is the winner of this auction with a price of 100.00 
[2023-08-02 03:10:31] [INFO   ] ****************************************************************END TEST CASE************************************************************ 
]]></system-err>
  </testcase>
  <testcase name="testTwoBidsAboveReserveIncremental" classname="com.kata.auction.AuctionServiceTest" time="0.019">
    <system-err><![CDATA[[2023-08-02 03:10:31] [INFO   ] ****************************************************************TEST CASE************************************************************ 
[2023-08-02 03:10:31] [INFO   ] Hugo place a bid of 200.00 on this auction 
[2023-08-02 03:10:31] [INFO   ] Alain place a bid of 300.00 on this auction 
[2023-08-02 03:10:31] [INFO   ] Alain is the winner of this auction with a price of 200.00 
[2023-08-02 03:10:31] [INFO   ] ****************************************************************END TEST CASE************************************************************ 
]]></system-err>
  </testcase>
  <testcase name="testExampleOnKATA" classname="com.kata.auction.AuctionServiceTest" time="0.009">
    <system-err><![CDATA[[2023-08-02 03:10:31] [INFO   ] ****************************************************************TEST CASE************************************************************ 
[2023-08-02 03:10:31] [INFO   ] A place a bid of 110.00 on this auction 
[2023-08-02 03:10:31] [INFO   ] A place a bid of 130.00 on this auction 
[2023-08-02 03:10:31] [INFO   ] C place a bid of 125.00 on this auction 
[2023-08-02 03:10:31] [INFO   ] D place a bid of 105.00 on this auction 
[2023-08-02 03:10:31] [INFO   ] D place a bid of 115.00 on this auction 
[2023-08-02 03:10:31] [INFO   ] D place a bid of 90.00 on this auction 
[2023-08-02 03:10:31] [INFO   ] E place a bid of 132.00 on this auction 
[2023-08-02 03:10:31] [INFO   ] E place a bid of 135.00 on this auction 
[2023-08-02 03:10:31] [INFO   ] E place a bid of 140.00 on this auction 
[2023-08-02 03:10:31] [INFO   ] E is the winner of this auction with a price of 130.00 
[2023-08-02 03:10:31] [INFO   ] ****************************************************************END TEST CASE************************************************************ 
]]></system-err>
  </testcase>
  <testcase name="noBids" classname="com.kata.auction.AuctionServiceTest" time="0.004">
    <system-err><![CDATA[[2023-08-02 03:10:31] [INFO   ] ****************************************************************TEST CASE************************************************************ 
[2023-08-02 03:10:31] [WARNING] No effective Bid was received!! 
[2023-08-02 03:10:31] [INFO   ] ****************************************************************END TEST CASE************************************************************ 
]]></system-err>
  </testcase>
  <testcase name="biddingOnAClosedAuction" classname="com.kata.auction.AuctionServiceTest" time="0.004">
    <system-err><![CDATA[[2023-08-02 03:10:31] [INFO   ] ****************************************************************TEST CASE************************************************************ 
[2023-08-02 03:10:31] [WARNING] No effective Bid was received!! 
[2023-08-02 03:10:31] [INFO   ] ****************************************************************END TEST CASE************************************************************ 
]]></system-err>
  </testcase>
  <testcase name="testOneBidReserveMet" classname="com.kata.auction.AuctionServiceTest" time="0.003">
    <system-err><![CDATA[[2023-08-02 03:10:31] [INFO   ] ****************************************************************TEST CASE************************************************************ 
[2023-08-02 03:10:31] [INFO   ] Hugo place a bid of 200.00 on this auction 
[2023-08-02 03:10:31] [INFO   ] Hugo is the winner of this auction with a price of 100.00 
[2023-08-02 03:10:31] [INFO   ] ****************************************************************END TEST CASE************************************************************ 
]]></system-err>
  </testcase>
  <testcase name="testIfReserveisNotBidded" classname="com.kata.auction.AuctionServiceTest" time="0.002">
    <system-err><![CDATA[[2023-08-02 03:10:31] [INFO   ] ****************************************************************TEST CASE************************************************************ 
[2023-08-02 03:10:31] [INFO   ] Mohamed place a bid of 90.00 on this auction 
[2023-08-02 03:10:31] [WARNING] Mohamed bid is under the price , it will not be taken part of the auction 
[2023-08-02 03:10:31] [WARNING] No effective Bid was received!! 
]]></system-err>
  </testcase>
  <testcase name="testTwoBidsAboveReserveDecremental" classname="com.kata.auction.AuctionServiceTest" time="0.005">
    <system-err><![CDATA[[2023-08-02 03:10:31] [INFO   ] ****************************************************************TEST CASE************************************************************ 
[2023-08-02 03:10:31] [INFO   ] Alain place a bid of 200.00 on this auction 
[2023-08-02 03:10:31] [INFO   ] Hugo place a bid of 120.00 on this auction 
[2023-08-02 03:10:31] [INFO   ] Alain is the winner of this auction with a price of 100.00 
[2023-08-02 03:10:31] [INFO   ] ****************************************************************END TEST CASE************************************************************ 
]]></system-err>
  </testcase>
  <testcase name="testOnlyOneBidEqualsReservePrice" classname="com.kata.auction.AuctionServiceTest" time="0.003">
    <system-err><![CDATA[[2023-08-02 03:10:31] [INFO   ] ****************************************************************TEST CASE************************************************************ 
[2023-08-02 03:10:31] [INFO   ] Hugo place a bid of 100.00 on this auction 
[2023-08-02 03:10:31] [INFO   ] Hugo is the winner of this auction with a price of 100.00 
[2023-08-02 03:10:31] [INFO   ] ****************************************************************END TEST CASE************************************************************ 
]]></system-err>
  </testcase>
</testsuite>